https://hdbiger.org/announce.php?passkey=a67facee9cf7e0b7878ecb421ec3d7bc
https://hdbiger.org/announce.php?passkey=a67facee9cf7e0b7878ecb421ec3d7bc
2015-10-21 14:21:08 TorrentController.cpp:53 INFO info hash: %09%BD%F7%CF8%D2%B0%01%15%FD%D6%00%92%0D%A6%CF%83%BB_%E5
2015-10-21 14:21:08 TorrentController.cpp:54 INFO file length: 11572441896
2015-10-21 14:21:08 TorrentController.cpp:55 INFO file  name : BTV.Nirvana.in.Fire.EP15-EP18.1080i.HDTV.H264-HDBigerTV
2015-10-21 14:21:08 TorrentController.cpp:56 INFO scrapble : yes
2015-10-21 14:21:08 TorrentController.cpp:53 INFO info hash: %DE%EE%F7%FB%90%8FT%0D%BFt%F4%BC%EC%5Eu%8D%E5%C88%10
2015-10-21 14:21:08 TorrentController.cpp:54 INFO file length: 5997388397
2015-10-21 14:21:08 TorrentController.cpp:55 INFO file  name : Terminator Genisys 2015 BluRay 720p x264-HDBiger.mkv
2015-10-21 14:21:08 TorrentController.cpp:56 INFO scrapble : yes
seconds until last commit :1445408468s...
this torrent want  8672450808000000
this time : 0M
tokens : 0M
2015-10-21 14:21:08 TorrentController.cpp:6 INFO Request string : https://hdbiger.org/announce.php?passkey=a67facee9cf7e0b7878ecb421ec3d7bc&info_hash=%09%BD%F7%CF8%D2%B0%01%15%FD%D6%00%92%0D%A6%CF%83%BB_%E5&peer_id=-UT2000-%1CD%E6%9B%E7%26%B02-%D5%CFz&port=11111&ipv6=i2001%3ada8%3a215%3a3f0%3a20c%3a29ff%3afee5%3a9276&uploaded=0&downloaded=0&left=0&numwant=0&compact=1&no_peer_id=1&event=started
2015-10-21 14:21:09 TorrentController.cpp:8 INFO Curl response code: 0
2015-10-21 14:21:09 TorrentController.cpp:9 INFO Response string: d8:intervali2700e12:min intervali30e8:completei12e10:incompletei0e5:peerslee
~~~~~~~~~
2015-10-21 14:21:09 TorrentController.cpp:33 INFO last commit : 1445408469
~~~2700
~~~30
seconds until last commit :1445408469s...
this torrent want  8672450814000000
this time : 6M
tokens : 0M
2015-10-21 14:21:09 TorrentController.cpp:6 INFO Request string : https://hdbiger.org/announce.php?passkey=a67facee9cf7e0b7878ecb421ec3d7bc&info_hash=%DE%EE%F7%FB%90%8FT%0D%BFt%F4%BC%EC%5Eu%8D%E5%C88%10&peer_id=-UT2000-%1CD%E6%9B%E7%26%B02-%D5%CFz&port=11111&ipv6=i2001%3ada8%3a215%3a3f0%3a20c%3a29ff%3afee5%3a9276&uploaded=6000000&downloaded=0&left=0&numwant=0&compact=1&no_peer_id=1&event=started
2015-10-21 14:21:11 TorrentController.cpp:8 INFO Curl response code: 0
2015-10-21 14:21:11 TorrentController.cpp:9 INFO Response string: d8:intervali2700e12:min intervali30e8:completei39e10:incompletei0e5:peerslee
~~~~~~~~~
2015-10-21 14:21:11 TorrentController.cpp:33 INFO last commit : 1445408471
2015-10-21 14:21:11 TorrentController.cpp:90 INFO sleep 60s...

~~~2700
~~~30
seconds until last commit :62s...
too soon try after 60s
seconds until last commit :60s...
too soon try after 60s
2015-10-21 14:22:11 TorrentController.cpp:90 INFO sleep 60s...

seconds until last commit :122s...
too soon try after 60s
seconds until last commit :120s...
too soon try after 60s
2015-10-21 14:23:11 TorrentController.cpp:90 INFO sleep 60s...

seconds until last commit :182s...
too soon try after 60s
seconds until last commit :180s...
too soon try after 60s
2015-10-21 14:24:11 TorrentController.cpp:90 INFO sleep 60s...

seconds until last commit :242s...
too soon try after 60s
seconds until last commit :240s...
too soon try after 60s
2015-10-21 14:25:11 TorrentController.cpp:90 INFO sleep 60s...

seconds until last commit :302s...
too soon try after 60s
seconds until last commit :300s...
too soon try after 60s
2015-10-21 14:26:11 TorrentController.cpp:90 INFO sleep 60s...

seconds until last commit :362s...
too soon try after 60s
seconds until last commit :360s...
too soon try after 60s
2015-10-21 14:27:11 TorrentController.cpp:90 INFO sleep 60s...

seconds until last commit :422s...
too soon try after 60s
seconds until last commit :420s...
too soon try after 60s
2015-10-21 14:28:11 TorrentController.cpp:90 INFO sleep 60s...

seconds until last commit :482s...
too soon try after 60s
seconds until last commit :480s...
too soon try after 60s
2015-10-21 14:29:11 TorrentController.cpp:90 INFO sleep 60s...

seconds until last commit :542s...
too soon try after 60s
seconds until last commit :540s...
too soon try after 60s
2015-10-21 14:30:11 TorrentController.cpp:90 INFO sleep 60s...

seconds until last commit :602s...
too soon try after 60s
seconds until last commit :600s...
too soon try after 60s
2015-10-21 14:31:11 TorrentController.cpp:90 INFO sleep 60s...

seconds until last commit :662s...
too soon try after 60s
seconds until last commit :660s...
too soon try after 60s
2015-10-21 14:32:11 TorrentController.cpp:90 INFO sleep 60s...

seconds until last commit :722s...
too soon try after 60s
seconds until last commit :720s...
too soon try after 60s
2015-10-21 14:33:11 TorrentController.cpp:90 INFO sleep 60s...

seconds until last commit :782s...
too soon try after 60s
seconds until last commit :780s...
too soon try after 60s
2015-10-21 14:34:11 TorrentController.cpp:90 INFO sleep 60s...

seconds until last commit :842s...
too soon try after 60s
seconds until last commit :840s...
too soon try after 60s
2015-10-21 14:35:11 TorrentController.cpp:90 INFO sleep 60s...

seconds until last commit :902s...
too soon try after 60s
seconds until last commit :900s...
too soon try after 60s
2015-10-21 14:36:11 TorrentController.cpp:90 INFO sleep 60s...

seconds until last commit :962s...
too soon try after 60s
seconds until last commit :960s...
too soon try after 60s
2015-10-21 14:37:11 TorrentController.cpp:90 INFO sleep 60s...

seconds until last commit :1022s...
too soon try after 60s
seconds until last commit :1020s...
too soon try after 60s
2015-10-21 14:38:11 TorrentController.cpp:90 INFO sleep 60s...

seconds until last commit :1082s...
too soon try after 60s
seconds until last commit :1080s...
too soon try after 60s
2015-10-21 14:39:11 TorrentController.cpp:90 INFO sleep 60s...

seconds until last commit :1142s...
too soon try after 60s
seconds until last commit :1140s...
too soon try after 60s
2015-10-21 14:40:11 TorrentController.cpp:90 INFO sleep 60s...

seconds until last commit :1202s...
too soon try after 60s
seconds until last commit :1200s...
too soon try after 60s
2015-10-21 14:41:11 TorrentController.cpp:90 INFO sleep 60s...

seconds until last commit :1262s...
too soon try after 60s
seconds until last commit :1260s...
too soon try after 60s
2015-10-21 14:42:11 TorrentController.cpp:90 INFO sleep 60s...

seconds until last commit :1322s...
too soon try after 60s
seconds until last commit :1320s...
too soon try after 60s
2015-10-21 14:43:11 TorrentController.cpp:90 INFO sleep 60s...

seconds until last commit :1382s...
too soon try after 60s
seconds until last commit :1380s...
too soon try after 60s
2015-10-21 14:44:11 TorrentController.cpp:90 INFO sleep 60s...

seconds until last commit :1442s...
too soon try after 60s
seconds until last commit :1440s...
too soon try after 60s
2015-10-21 14:45:11 TorrentController.cpp:90 INFO sleep 60s...

seconds until last commit :1502s...
too soon try after 60s
seconds until last commit :1500s...
too soon try after 60s
2015-10-21 14:46:11 TorrentController.cpp:90 INFO sleep 60s...

seconds until last commit :1562s...
too soon try after 60s
seconds until last commit :1560s...
too soon try after 60s
2015-10-21 14:47:11 TorrentController.cpp:90 INFO sleep 60s...

seconds until last commit :1622s...
too soon try after 60s
seconds until last commit :1620s...
too soon try after 60s
2015-10-21 14:48:11 TorrentController.cpp:90 INFO sleep 60s...

seconds until last commit :1682s...
too soon try after 60s
seconds until last commit :1680s...
too soon try after 60s
2015-10-21 14:49:11 TorrentController.cpp:90 INFO sleep 60s...

seconds until last commit :1742s...
too soon try after 60s
seconds until last commit :1740s...
too soon try after 60s
2015-10-21 14:50:11 TorrentController.cpp:90 INFO sleep 60s...

seconds until last commit :1802s...
too soon try after 60s
seconds until last commit :1800s...
too soon try after 60s
2015-10-21 14:51:11 TorrentController.cpp:90 INFO sleep 60s...

seconds until last commit :1862s...
too soon try after 60s
seconds until last commit :1860s...
too soon try after 60s
2015-10-21 14:52:11 TorrentController.cpp:90 INFO sleep 60s...

seconds until last commit :1922s...
too soon try after 60s
seconds until last commit :1920s...
too soon try after 60s
2015-10-21 14:53:11 TorrentController.cpp:90 INFO sleep 60s...

seconds until last commit :1982s...
too soon try after 60s
seconds until last commit :1980s...
too soon try after 60s
2015-10-21 14:54:11 TorrentController.cpp:90 INFO sleep 60s...

seconds until last commit :2042s...
too soon try after 60s
seconds until last commit :2040s...
too soon try after 60s
2015-10-21 14:55:11 TorrentController.cpp:90 INFO sleep 60s...

seconds until last commit :2102s...
too soon try after 60s
seconds until last commit :2100s...
too soon try after 60s
2015-10-21 14:56:11 TorrentController.cpp:90 INFO sleep 60s...

seconds until last commit :2162s...
too soon try after 60s
seconds until last commit :2160s...
too soon try after 60s
2015-10-21 14:57:11 TorrentController.cpp:90 INFO sleep 60s...

seconds until last commit :2222s...
too soon try after 60s
seconds until last commit :2220s...
too soon try after 60s
2015-10-21 14:58:11 TorrentController.cpp:90 INFO sleep 60s...

seconds until last commit :2282s...
too soon try after 60s
seconds until last commit :2280s...
too soon try after 60s
2015-10-21 14:59:11 TorrentController.cpp:90 INFO sleep 60s...

seconds until last commit :2342s...
too soon try after 60s
seconds until last commit :2340s...
too soon try after 60s
2015-10-21 15:00:11 TorrentController.cpp:90 INFO sleep 60s...

seconds until last commit :2402s...
too soon try after 60s
seconds until last commit :2400s...
too soon try after 60s
2015-10-21 15:01:11 TorrentController.cpp:90 INFO sleep 60s...

seconds until last commit :2462s...
too soon try after 60s
seconds until last commit :2460s...
too soon try after 60s
2015-10-21 15:02:11 TorrentController.cpp:90 INFO sleep 60s...

seconds until last commit :2522s...
too soon try after 60s
seconds until last commit :2520s...
too soon try after 60s
2015-10-21 15:03:11 TorrentController.cpp:90 INFO sleep 60s...

seconds until last commit :2582s...
too soon try after 60s
seconds until last commit :2580s...
too soon try after 60s
2015-10-21 15:04:11 TorrentController.cpp:90 INFO sleep 60s...

seconds until last commit :2642s...
too soon try after 60s
seconds until last commit :2640s...
too soon try after 60s
2015-10-21 15:05:11 TorrentController.cpp:90 INFO sleep 60s...

seconds until last commit :2702s...
this torrent want  16212000000
this time : 1453M
tokens : 14758M
2015-10-21 15:06:11 TorrentController.cpp:6 INFO Request string : https://hdbiger.org/announce.php?passkey=a67facee9cf7e0b7878ecb421ec3d7bc&info_hash=%09%BD%F7%CF8%D2%B0%01%15%FD%D6%00%92%0D%A6%CF%83%BB_%E5&peer_id=-UT2000-%1CD%E6%9B%E7%26%B02-%D5%CFz&port=11111&ipv6=i2001%3ada8%3a215%3a3f0%3a20c%3a29ff%3afee5%3a9276&uploaded=1453793088&downloaded=0&left=0&numwant=0&compact=1&no_peer_id=1
2015-10-21 15:06:14 TorrentController.cpp:8 INFO Curl response code: 0
2015-10-21 15:06:14 TorrentController.cpp:9 INFO Response string: d8:intervali2700e12:min intervali30e8:completei12e10:incompletei0e5:peerslee
~~~~~~~~~
2015-10-21 15:06:14 TorrentController.cpp:33 INFO last commit : 1445411174
~~~2700
~~~30
seconds until last commit :2703s...
this torrent want  16218000000
this time : 741M
tokens : 14034M
2015-10-21 15:06:14 TorrentController.cpp:6 INFO Request string : https://hdbiger.org/announce.php?passkey=a67facee9cf7e0b7878ecb421ec3d7bc&info_hash=%DE%EE%F7%FB%90%8FT%0D%BFt%F4%BC%EC%5Eu%8D%E5%C88%10&peer_id=-UT2000-%1CD%E6%9B%E7%26%B02-%D5%CFz&port=11111&ipv6=i2001%3ada8%3a215%3a3f0%3a20c%3a29ff%3afee5%3a9276&uploaded=747725536&downloaded=0&left=0&numwant=0&compact=1&no_peer_id=1
2015-10-21 15:06:15 TorrentController.cpp:8 INFO Curl response code: 0
2015-10-21 15:06:15 TorrentController.cpp:9 INFO Response string: d8:intervali2700e12:min intervali30e8:completei40e10:incompletei0e5:peerslee
~~~~~~~~~
2015-10-21 15:06:15 TorrentController.cpp:33 INFO last commit : 1445411175
2015-10-21 15:06:15 TorrentController.cpp:90 INFO sleep 60s...

~~~2700
~~~30
seconds until last commit :61s...
too soon try after 60s
seconds until last commit :60s...
too soon try after 60s
2015-10-21 15:07:15 TorrentController.cpp:90 INFO sleep 60s...

seconds until last commit :121s...
too soon try after 60s
seconds until last commit :120s...
too soon try after 60s
2015-10-21 15:08:15 TorrentController.cpp:90 INFO sleep 60s...

seconds until last commit :181s...
too soon try after 60s
seconds until last commit :180s...
too soon try after 60s
2015-10-21 15:09:15 TorrentController.cpp:90 INFO sleep 60s...

seconds until last commit :241s...
too soon try after 60s
seconds until last commit :240s...
too soon try after 60s
2015-10-21 15:10:15 TorrentController.cpp:90 INFO sleep 60s...

seconds until last commit :301s...
too soon try after 60s
seconds until last commit :300s...
too soon try after 60s
2015-10-21 15:11:15 TorrentController.cpp:90 INFO sleep 60s...

seconds until last commit :361s...
too soon try after 60s
seconds until last commit :360s...
too soon try after 60s
2015-10-21 15:12:15 TorrentController.cpp:90 INFO sleep 60s...

seconds until last commit :421s...
too soon try after 60s
seconds until last commit :420s...
too soon try after 60s
2015-10-21 15:13:15 TorrentController.cpp:90 INFO sleep 60s...

seconds until last commit :481s...
too soon try after 60s
seconds until last commit :480s...
too soon try after 60s
2015-10-21 15:14:15 TorrentController.cpp:90 INFO sleep 60s...

seconds until last commit :541s...
too soon try after 60s
seconds until last commit :540s...
too soon try after 60s
2015-10-21 15:15:15 TorrentController.cpp:90 INFO sleep 60s...

seconds until last commit :601s...
too soon try after 60s
seconds until last commit :600s...
too soon try after 60s
2015-10-21 15:16:15 TorrentController.cpp:90 INFO sleep 60s...

seconds until last commit :661s...
too soon try after 60s
seconds until last commit :660s...
too soon try after 60s
2015-10-21 15:17:15 TorrentController.cpp:90 INFO sleep 60s...

seconds until last commit :721s...
too soon try after 60s
seconds until last commit :720s...
too soon try after 60s
2015-10-21 15:18:15 TorrentController.cpp:90 INFO sleep 60s...

seconds until last commit :781s...
too soon try after 60s
seconds until last commit :780s...
too soon try after 60s
2015-10-21 15:19:15 TorrentController.cpp:90 INFO sleep 60s...

seconds until last commit :841s...
too soon try after 60s
seconds until last commit :840s...
too soon try after 60s
2015-10-21 15:20:15 TorrentController.cpp:90 INFO sleep 60s...

seconds until last commit :901s...
too soon try after 60s
seconds until last commit :900s...
too soon try after 60s
2015-10-21 15:21:15 TorrentController.cpp:90 INFO sleep 60s...

seconds until last commit :961s...
too soon try after 60s
seconds until last commit :960s...
too soon try after 60s
2015-10-21 15:22:15 TorrentController.cpp:90 INFO sleep 60s...

seconds until last commit :1021s...
too soon try after 60s
seconds until last commit :1020s...
too soon try after 60s
2015-10-21 15:23:15 TorrentController.cpp:90 INFO sleep 60s...

seconds until last commit :1081s...
too soon try after 60s
seconds until last commit :1080s...
too soon try after 60s
2015-10-21 15:24:15 TorrentController.cpp:90 INFO sleep 60s...

seconds until last commit :1141s...
too soon try after 60s
seconds until last commit :1140s...
too soon try after 60s
2015-10-21 15:25:15 TorrentController.cpp:90 INFO sleep 60s...

seconds until last commit :1201s...
too soon try after 60s
seconds until last commit :1200s...
too soon try after 60s
2015-10-21 15:26:15 TorrentController.cpp:90 INFO sleep 60s...

seconds until last commit :1261s...
too soon try after 60s
seconds until last commit :1260s...
too soon try after 60s
2015-10-21 15:27:15 TorrentController.cpp:90 INFO sleep 60s...

seconds until last commit :1321s...
too soon try after 60s
seconds until last commit :1320s...
too soon try after 60s
2015-10-21 15:28:15 TorrentController.cpp:90 INFO sleep 60s...

seconds until last commit :1381s...
too soon try after 60s
seconds until last commit :1380s...
too soon try after 60s
2015-10-21 15:29:15 TorrentController.cpp:90 INFO sleep 60s...

seconds until last commit :1441s...
too soon try after 60s
seconds until last commit :1440s...
too soon try after 60s
2015-10-21 15:30:15 TorrentController.cpp:90 INFO sleep 60s...

seconds until last commit :1501s...
too soon try after 60s
seconds until last commit :1500s...
too soon try after 60s
2015-10-21 15:31:15 TorrentController.cpp:90 INFO sleep 60s...

seconds until last commit :1561s...
too soon try after 60s
seconds until last commit :1560s...
too soon try after 60s
2015-10-21 15:32:15 TorrentController.cpp:90 INFO sleep 60s...

seconds until last commit :1621s...
too soon try after 60s
seconds until last commit :1620s...
too soon try after 60s
2015-10-21 15:33:15 TorrentController.cpp:90 INFO sleep 60s...

seconds until last commit :1681s...
too soon try after 60s
seconds until last commit :1680s...
too soon try after 60s
2015-10-21 15:34:15 TorrentController.cpp:90 INFO sleep 60s...

seconds until last commit :1741s...
too soon try after 60s
seconds until last commit :1740s...
too soon try after 60s
2015-10-21 15:35:15 TorrentController.cpp:90 INFO sleep 60s...

seconds until last commit :1801s...
too soon try after 60s
seconds until last commit :1800s...
too soon try after 60s
2015-10-21 15:36:15 TorrentController.cpp:90 INFO sleep 60s...

seconds until last commit :1861s...
too soon try after 60s
seconds until last commit :1860s...
too soon try after 60s
2015-10-21 15:37:15 TorrentController.cpp:90 INFO sleep 60s...

seconds until last commit :1921s...
too soon try after 60s
seconds until last commit :1920s...
too soon try after 60s
2015-10-21 15:38:15 TorrentController.cpp:90 INFO sleep 60s...

seconds until last commit :1981s...
too soon try after 60s
seconds until last commit :1980s...
too soon try after 60s
2015-10-21 15:39:15 TorrentController.cpp:90 INFO sleep 60s...

seconds until last commit :2041s...
too soon try after 60s
seconds until last commit :2040s...
too soon try after 60s
2015-10-21 15:40:15 TorrentController.cpp:90 INFO sleep 60s...

seconds until last commit :2101s...
too soon try after 60s
seconds until last commit :2100s...
too soon try after 60s
2015-10-21 15:41:15 TorrentController.cpp:90 INFO sleep 60s...

seconds until last commit :2161s...
too soon try after 60s
seconds until last commit :2160s...
too soon try after 60s
2015-10-21 15:42:15 TorrentController.cpp:90 INFO sleep 60s...

seconds until last commit :2221s...
too soon try after 60s
seconds until last commit :2220s...
too soon try after 60s
2015-10-21 15:43:15 TorrentController.cpp:90 INFO sleep 60s...

seconds until last commit :2281s...
too soon try after 60s
seconds until last commit :2280s...
too soon try after 60s
2015-10-21 15:44:15 TorrentController.cpp:90 INFO sleep 60s...

seconds until last commit :2341s...
too soon try after 60s
seconds until last commit :2340s...
too soon try after 60s
2015-10-21 15:45:15 TorrentController.cpp:90 INFO sleep 60s...

seconds until last commit :2401s...
too soon try after 60s
seconds until last commit :2400s...
too soon try after 60s
2015-10-21 15:46:15 TorrentController.cpp:90 INFO sleep 60s...

seconds until last commit :2461s...
too soon try after 60s
seconds until last commit :2460s...
too soon try after 60s
2015-10-21 15:47:15 TorrentController.cpp:90 INFO sleep 60s...

seconds until last commit :2521s...
too soon try after 60s
seconds until last commit :2520s...
too soon try after 60s
2015-10-21 15:48:15 TorrentController.cpp:90 INFO sleep 60s...

seconds until last commit :2581s...
too soon try after 60s
seconds until last commit :2580s...
too soon try after 60s
2015-10-21 15:49:15 TorrentController.cpp:90 INFO sleep 60s...

seconds until last commit :2641s...
too soon try after 60s
seconds until last commit :2640s...
too soon try after 60s
2015-10-21 15:50:15 TorrentController.cpp:90 INFO sleep 60s...

seconds until last commit :2701s...
this torrent want  16206000000
this time : 10579M
tokens : 19660M
2015-10-21 15:51:15 TorrentController.cpp:6 INFO Request string : https://hdbiger.org/announce.php?passkey=a67facee9cf7e0b7878ecb421ec3d7bc&info_hash=%09%BD%F7%CF8%D2%B0%01%15%FD%D6%00%92%0D%A6%CF%83%BB_%E5&peer_id=-UT2000-%1CD%E6%9B%E7%26%B02-%D5%CFz&port=11111&ipv6=i2001%3ada8%3a215%3a3f0%3a20c%3a29ff%3afee5%3a9276&uploaded=12033300032&downloaded=0&left=0&numwant=0&compact=1&no_peer_id=1
2015-10-21 15:51:17 TorrentController.cpp:8 INFO Curl response code: 0
2015-10-21 15:51:17 TorrentController.cpp:9 INFO Response string: d8:intervali2700e12:min intervali30e8:completei13e10:incompletei0e5:peerslee
~~~~~~~~~
2015-10-21 15:51:17 TorrentController.cpp:33 INFO last commit : 1445413877
~~~2700
~~~30
seconds until last commit :2702s...
this torrent want  16212000000
this time : 2120M
tokens : 17552M
2015-10-21 15:51:17 TorrentController.cpp:6 INFO Request string : https://hdbiger.org/announce.php?passkey=a67facee9cf7e0b7878ecb421ec3d7bc&info_hash=%DE%EE%F7%FB%90%8FT%0D%BFt%F4%BC%EC%5Eu%8D%E5%C88%10&peer_id=-UT2000-%1CD%E6%9B%E7%26%B02-%D5%CFz&port=11111&ipv6=i2001%3ada8%3a215%3a3f0%3a20c%3a29ff%3afee5%3a9276&uploaded=2868619264&downloaded=0&left=0&numwant=0&compact=1&no_peer_id=1
2015-10-21 15:51:18 TorrentController.cpp:8 INFO Curl response code: 0
2015-10-21 15:51:18 TorrentController.cpp:9 INFO Response string: d8:intervali2700e12:min intervali30e8:completei39e10:incompletei0e5:peerslee
~~~~~~~~~
2015-10-21 15:51:18 TorrentController.cpp:33 INFO last commit : 1445413878
2015-10-21 15:51:18 TorrentController.cpp:90 INFO sleep 60s...

~~~2700
~~~30
seconds until last commit :61s...
too soon try after 60s
seconds until last commit :60s...
too soon try after 60s
2015-10-21 15:52:18 TorrentController.cpp:90 INFO sleep 60s...

seconds until last commit :121s...
too soon try after 60s
seconds until last commit :120s...
too soon try after 60s
2015-10-21 15:53:18 TorrentController.cpp:90 INFO sleep 60s...

seconds until last commit :181s...
too soon try after 60s
seconds until last commit :180s...
too soon try after 60s
2015-10-21 15:54:18 TorrentController.cpp:90 INFO sleep 60s...

seconds until last commit :241s...
too soon try after 60s
seconds until last commit :240s...
too soon try after 60s
2015-10-21 15:55:18 TorrentController.cpp:90 INFO sleep 60s...

seconds until last commit :301s...
too soon try after 60s
seconds until last commit :300s...
too soon try after 60s
2015-10-21 15:56:18 TorrentController.cpp:90 INFO sleep 60s...

seconds until last commit :361s...
too soon try after 60s
seconds until last commit :360s...
too soon try after 60s
2015-10-21 15:57:18 TorrentController.cpp:90 INFO sleep 60s...

seconds until last commit :421s...
too soon try after 60s
seconds until last commit :420s...
too soon try after 60s
2015-10-21 15:58:18 TorrentController.cpp:90 INFO sleep 60s...

seconds until last commit :481s...
too soon try after 60s
seconds until last commit :480s...
too soon try after 60s
2015-10-21 15:59:18 TorrentController.cpp:90 INFO sleep 60s...

seconds until last commit :541s...
too soon try after 60s
seconds until last commit :540s...
too soon try after 60s
2015-10-21 16:00:18 TorrentController.cpp:90 INFO sleep 60s...

seconds until last commit :601s...
too soon try after 60s
seconds until last commit :600s...
too soon try after 60s
2015-10-21 16:01:18 TorrentController.cpp:90 INFO sleep 60s...

seconds until last commit :661s...
too soon try after 60s
seconds until last commit :660s...
too soon try after 60s
2015-10-21 16:02:18 TorrentController.cpp:90 INFO sleep 60s...

seconds until last commit :721s...
too soon try after 60s
seconds until last commit :720s...
too soon try after 60s
2015-10-21 16:03:18 TorrentController.cpp:90 INFO sleep 60s...

seconds until last commit :781s...
too soon try after 60s
seconds until last commit :780s...
too soon try after 60s
2015-10-21 16:04:18 TorrentController.cpp:90 INFO sleep 60s...

seconds until last commit :841s...
too soon try after 60s
seconds until last commit :840s...
too soon try after 60s
2015-10-21 16:05:18 TorrentController.cpp:90 INFO sleep 60s...

seconds until last commit :901s...
too soon try after 60s
seconds until last commit :900s...
too soon try after 60s
2015-10-21 16:06:18 TorrentController.cpp:90 INFO sleep 60s...

seconds until last commit :961s...
too soon try after 60s
seconds until last commit :960s...
too soon try after 60s
2015-10-21 16:07:18 TorrentController.cpp:90 INFO sleep 60s...

seconds until last commit :1021s...
too soon try after 60s
seconds until last commit :1020s...
too soon try after 60s
2015-10-21 16:08:18 TorrentController.cpp:90 INFO sleep 60s...

seconds until last commit :1081s...
too soon try after 60s
seconds until last commit :1080s...
too soon try after 60s
2015-10-21 16:09:18 TorrentController.cpp:90 INFO sleep 60s...

seconds until last commit :1141s...
too soon try after 60s
seconds until last commit :1140s...
too soon try after 60s
2015-10-21 16:10:18 TorrentController.cpp:90 INFO sleep 60s...

seconds until last commit :1201s...
too soon try after 60s
seconds until last commit :1200s...
too soon try after 60s
2015-10-21 16:11:18 TorrentController.cpp:90 INFO sleep 60s...

seconds until last commit :1261s...
too soon try after 60s
seconds until last commit :1260s...
too soon try after 60s
2015-10-21 16:12:18 TorrentController.cpp:90 INFO sleep 60s...

seconds until last commit :1321s...
too soon try after 60s
seconds until last commit :1320s...
too soon try after 60s
2015-10-21 16:13:18 TorrentController.cpp:90 INFO sleep 60s...

seconds until last commit :1381s...
too soon try after 60s
seconds until last commit :1380s...
too soon try after 60s
2015-10-21 16:14:18 TorrentController.cpp:90 INFO sleep 60s...

seconds until last commit :1441s...
too soon try after 60s
seconds until last commit :1440s...
too soon try after 60s
2015-10-21 16:15:18 TorrentController.cpp:90 INFO sleep 60s...

seconds until last commit :1501s...
too soon try after 60s
seconds until last commit :1500s...
too soon try after 60s
2015-10-21 16:16:18 TorrentController.cpp:90 INFO sleep 60s...

seconds until last commit :1561s...
too soon try after 60s
seconds until last commit :1560s...
too soon try after 60s
2015-10-21 16:17:18 TorrentController.cpp:90 INFO sleep 60s...

seconds until last commit :1621s...
too soon try after 60s
seconds until last commit :1620s...
too soon try after 60s
2015-10-21 16:18:18 TorrentController.cpp:90 INFO sleep 60s...

seconds until last commit :1681s...
too soon try after 60s
seconds until last commit :1680s...
too soon try after 60s
2015-10-21 16:19:18 TorrentController.cpp:90 INFO sleep 60s...

seconds until last commit :1741s...
too soon try after 60s
seconds until last commit :1740s...
too soon try after 60s
2015-10-21 16:20:18 TorrentController.cpp:90 INFO sleep 60s...

seconds until last commit :1801s...
too soon try after 60s
seconds until last commit :1800s...
too soon try after 60s
2015-10-21 16:21:18 TorrentController.cpp:90 INFO sleep 60s...

seconds until last commit :1861s...
too soon try after 60s
seconds until last commit :1860s...
too soon try after 60s
2015-10-21 16:22:18 TorrentController.cpp:90 INFO sleep 60s...

seconds until last commit :1921s...
too soon try after 60s
seconds until last commit :1920s...
too soon try after 60s
2015-10-21 16:23:18 TorrentController.cpp:90 INFO sleep 60s...

seconds until last commit :1981s...
too soon try after 60s
seconds until last commit :1980s...
too soon try after 60s
2015-10-21 16:24:18 TorrentController.cpp:90 INFO sleep 60s...

seconds until last commit :2041s...
too soon try after 60s
seconds until last commit :2040s...
too soon try after 60s
2015-10-21 16:25:18 TorrentController.cpp:90 INFO sleep 60s...

seconds until last commit :2101s...
too soon try after 60s
seconds until last commit :2100s...
too soon try after 60s
2015-10-21 16:26:18 TorrentController.cpp:90 INFO sleep 60s...

seconds until last commit :2161s...
too soon try after 60s
seconds until last commit :2160s...
too soon try after 60s
2015-10-21 16:27:18 TorrentController.cpp:90 INFO sleep 60s...

seconds until last commit :2221s...
too soon try after 60s
seconds until last commit :2220s...
too soon try after 60s
2015-10-21 16:28:18 TorrentController.cpp:90 INFO sleep 60s...

seconds until last commit :2281s...
too soon try after 60s
seconds until last commit :2280s...
too soon try after 60s
2015-10-21 16:29:18 TorrentController.cpp:90 INFO sleep 60s...

seconds until last commit :2341s...
too soon try after 60s
seconds until last commit :2340s...
too soon try after 60s
2015-10-21 16:30:18 TorrentController.cpp:90 INFO sleep 60s...

seconds until last commit :2401s...
too soon try after 60s
seconds until last commit :2400s...
too soon try after 60s
2015-10-21 16:31:18 TorrentController.cpp:90 INFO sleep 60s...

seconds until last commit :2461s...
too soon try after 60s
seconds until last commit :2460s...
too soon try after 60s
2015-10-21 16:32:18 TorrentController.cpp:90 INFO sleep 60s...

seconds until last commit :2521s...
too soon try after 60s
seconds until last commit :2520s...
too soon try after 60s
2015-10-21 16:33:18 TorrentController.cpp:90 INFO sleep 60s...

seconds until last commit :2581s...
too soon try after 60s
seconds until last commit :2580s...
too soon try after 60s
2015-10-21 16:34:18 TorrentController.cpp:90 INFO sleep 60s...

seconds until last commit :2641s...
too soon try after 60s
seconds until last commit :2640s...
too soon try after 60s
2015-10-21 16:35:18 TorrentController.cpp:90 INFO sleep 60s...

seconds until last commit :2701s...
this torrent want  16206000000
this time : 9010M
tokens : 24747M
2015-10-21 16:36:18 TorrentController.cpp:6 INFO Request string : https://hdbiger.org/announce.php?passkey=a67facee9cf7e0b7878ecb421ec3d7bc&info_hash=%09%BD%F7%CF8%D2%B0%01%15%FD%D6%00%92%0D%A6%CF%83%BB_%E5&peer_id=-UT2000-%1CD%E6%9B%E7%26%B02-%D5%CFz&port=11111&ipv6=i2001%3ada8%3a215%3a3f0%3a20c%3a29ff%3afee5%3a9276&uploaded=21044036320&downloaded=0&left=0&numwant=0&compact=1&no_peer_id=1
2015-10-21 16:36:20 TorrentController.cpp:8 INFO Curl response code: 0
2015-10-21 16:36:20 TorrentController.cpp:9 INFO Response string: d8:intervali2700e12:min intervali30e8:completei13e10:incompletei0e5:peerslee
~~~~~~~~~
2015-10-21 16:36:20 TorrentController.cpp:33 INFO last commit : 1445416580
~~~2700
~~~30
seconds until last commit :2702s...
this torrent want  16212000000
this time : 8360M
tokens : 16398M
2015-10-21 16:36:20 TorrentController.cpp:6 INFO Request string : https://hdbiger.org/announce.php?passkey=a67facee9cf7e0b7878ecb421ec3d7bc&info_hash=%DE%EE%F7%FB%90%8FT%0D%BFt%F4%BC%EC%5Eu%8D%E5%C88%10&peer_id=-UT2000-%1CD%E6%9B%E7%26%B02-%D5%CFz&port=11111&ipv6=i2001%3ada8%3a215%3a3f0%3a20c%3a29ff%3afee5%3a9276&uploaded=11229173856&downloaded=0&left=0&numwant=0&compact=1&no_peer_id=1
2015-10-21 16:36:21 TorrentController.cpp:8 INFO Curl response code: 0
2015-10-21 16:36:21 TorrentController.cpp:9 INFO Response string: d8:intervali2700e12:min intervali30e8:completei38e10:incompletei0e5:peerslee
~~~~~~~~~
2015-10-21 16:36:21 TorrentController.cpp:33 INFO last commit : 1445416581
2015-10-21 16:36:21 TorrentController.cpp:90 INFO sleep 60s...

~~~2700
~~~30
seconds until last commit :61s...
too soon try after 60s
seconds until last commit :60s...
too soon try after 60s
2015-10-21 16:37:21 TorrentController.cpp:90 INFO sleep 60s...

seconds until last commit :121s...
too soon try after 60s
seconds until last commit :120s...
too soon try after 60s
2015-10-21 16:38:21 TorrentController.cpp:90 INFO sleep 60s...

seconds until last commit :181s...
too soon try after 60s
seconds until last commit :180s...
too soon try after 60s
2015-10-21 16:39:21 TorrentController.cpp:90 INFO sleep 60s...

seconds until last commit :241s...
too soon try after 60s
seconds until last commit :240s...
too soon try after 60s
2015-10-21 16:40:21 TorrentController.cpp:90 INFO sleep 60s...

seconds until last commit :301s...
too soon try after 60s
seconds until last commit :300s...
too soon try after 60s
2015-10-21 16:41:21 TorrentController.cpp:90 INFO sleep 60s...

seconds until last commit :361s...
too soon try after 60s
seconds until last commit :360s...
too soon try after 60s
2015-10-21 16:42:21 TorrentController.cpp:90 INFO sleep 60s...

seconds until last commit :421s...
too soon try after 60s
seconds until last commit :420s...
too soon try after 60s
2015-10-21 16:43:21 TorrentController.cpp:90 INFO sleep 60s...

seconds until last commit :481s...
too soon try after 60s
seconds until last commit :480s...
too soon try after 60s
2015-10-21 16:44:21 TorrentController.cpp:90 INFO sleep 60s...

seconds until last commit :541s...
too soon try after 60s
seconds until last commit :540s...
too soon try after 60s
2015-10-21 16:45:21 TorrentController.cpp:90 INFO sleep 60s...

seconds until last commit :601s...
too soon try after 60s
seconds until last commit :600s...
too soon try after 60s
2015-10-21 16:46:21 TorrentController.cpp:90 INFO sleep 60s...

seconds until last commit :661s...
too soon try after 60s
seconds until last commit :660s...
too soon try after 60s
2015-10-21 16:47:21 TorrentController.cpp:90 INFO sleep 60s...

seconds until last commit :721s...
too soon try after 60s
seconds until last commit :720s...
too soon try after 60s
2015-10-21 16:48:21 TorrentController.cpp:90 INFO sleep 60s...

seconds until last commit :781s...
too soon try after 60s
seconds until last commit :780s...
too soon try after 60s
2015-10-21 16:49:21 TorrentController.cpp:90 INFO sleep 60s...

seconds until last commit :841s...
too soon try after 60s
seconds until last commit :840s...
too soon try after 60s
2015-10-21 16:50:21 TorrentController.cpp:90 INFO sleep 60s...

seconds until last commit :901s...
too soon try after 60s
seconds until last commit :900s...
too soon try after 60s
2015-10-21 16:51:21 TorrentController.cpp:90 INFO sleep 60s...

seconds until last commit :961s...
too soon try after 60s
seconds until last commit :960s...
too soon try after 60s
2015-10-21 16:52:21 TorrentController.cpp:90 INFO sleep 60s...

seconds until last commit :1021s...
too soon try after 60s
seconds until last commit :1020s...
too soon try after 60s
2015-10-21 16:53:21 TorrentController.cpp:90 INFO sleep 60s...

seconds until last commit :1081s...
too soon try after 60s
seconds until last commit :1080s...
too soon try after 60s
2015-10-21 16:54:21 TorrentController.cpp:90 INFO sleep 60s...

seconds until last commit :1141s...
too soon try after 60s
seconds until last commit :1140s...
too soon try after 60s
2015-10-21 16:55:21 TorrentController.cpp:90 INFO sleep 60s...

seconds until last commit :1201s...
too soon try after 60s
seconds until last commit :1200s...
too soon try after 60s
2015-10-21 16:56:21 TorrentController.cpp:90 INFO sleep 60s...

seconds until last commit :1261s...
too soon try after 60s
seconds until last commit :1260s...
too soon try after 60s
2015-10-21 16:57:21 TorrentController.cpp:90 INFO sleep 60s...

seconds until last commit :1321s...
too soon try after 60s
seconds until last commit :1320s...
too soon try after 60s
2015-10-21 16:58:21 TorrentController.cpp:90 INFO sleep 60s...

seconds until last commit :1381s...
too soon try after 60s
seconds until last commit :1380s...
too soon try after 60s
2015-10-21 16:59:21 TorrentController.cpp:90 INFO sleep 60s...

seconds until last commit :1441s...
too soon try after 60s
seconds until last commit :1440s...
too soon try after 60s
2015-10-21 17:00:21 TorrentController.cpp:90 INFO sleep 60s...

seconds until last commit :1501s...
too soon try after 60s
seconds until last commit :1500s...
too soon try after 60s
2015-10-21 17:01:21 TorrentController.cpp:90 INFO sleep 60s...

seconds until last commit :1561s...
too soon try after 60s
seconds until last commit :1560s...
too soon try after 60s
2015-10-21 17:02:21 TorrentController.cpp:90 INFO sleep 60s...

seconds until last commit :1621s...
too soon try after 60s
seconds until last commit :1620s...
too soon try after 60s
2015-10-21 17:03:21 TorrentController.cpp:90 INFO sleep 60s...

seconds until last commit :1681s...
too soon try after 60s
seconds until last commit :1680s...
too soon try after 60s
2015-10-21 17:04:21 TorrentController.cpp:90 INFO sleep 60s...

seconds until last commit :1741s...
too soon try after 60s
seconds until last commit :1740s...
too soon try after 60s
2015-10-21 17:05:21 TorrentController.cpp:90 INFO sleep 60s...

seconds until last commit :1801s...
too soon try after 60s
seconds until last commit :1800s...
too soon try after 60s
2015-10-21 17:06:21 TorrentController.cpp:90 INFO sleep 60s...

seconds until last commit :1861s...
too soon try after 60s
seconds until last commit :1860s...
too soon try after 60s
2015-10-21 17:07:21 TorrentController.cpp:90 INFO sleep 60s...

seconds until last commit :1921s...
too soon try after 60s
seconds until last commit :1920s...
too soon try after 60s
2015-10-21 17:08:21 TorrentController.cpp:90 INFO sleep 60s...

seconds until last commit :1981s...
too soon try after 60s
seconds until last commit :1980s...
too soon try after 60s
2015-10-21 17:09:21 TorrentController.cpp:90 INFO sleep 60s...

seconds until last commit :2041s...
too soon try after 60s
seconds until last commit :2040s...
too soon try after 60s
2015-10-21 17:10:21 TorrentController.cpp:90 INFO sleep 60s...

seconds until last commit :2101s...
too soon try after 60s
seconds until last commit :2100s...
too soon try after 60s
2015-10-21 17:11:21 TorrentController.cpp:90 INFO sleep 60s...

seconds until last commit :2161s...
too soon try after 60s
seconds until last commit :2160s...
too soon try after 60s
2015-10-21 17:12:21 TorrentController.cpp:90 INFO sleep 60s...

seconds until last commit :2221s...
too soon try after 60s
seconds until last commit :2220s...
too soon try after 60s
2015-10-21 17:13:21 TorrentController.cpp:90 INFO sleep 60s...

seconds until last commit :2281s...
too soon try after 60s
seconds until last commit :2280s...
too soon try after 60s
2015-10-21 17:14:21 TorrentController.cpp:90 INFO sleep 60s...

seconds until last commit :2341s...
too soon try after 60s
seconds until last commit :2340s...
too soon try after 60s
2015-10-21 17:15:21 TorrentController.cpp:90 INFO sleep 60s...

seconds until last commit :2401s...
too soon try after 60s
seconds until last commit :2400s...
too soon try after 60s
2015-10-21 17:16:21 TorrentController.cpp:90 INFO sleep 60s...

seconds until last commit :2461s...
too soon try after 60s
seconds until last commit :2460s...
too soon try after 60s
2015-10-21 17:17:21 TorrentController.cpp:90 INFO sleep 60s...

seconds until last commit :2521s...
too soon try after 60s
seconds until last commit :2520s...
too soon try after 60s
2015-10-21 17:18:21 TorrentController.cpp:90 INFO sleep 60s...

seconds until last commit :2581s...
too soon try after 60s
seconds until last commit :2580s...
too soon try after 60s
2015-10-21 17:19:21 TorrentController.cpp:90 INFO sleep 60s...

seconds until last commit :2641s...
too soon try after 60s
seconds until last commit :2640s...
too soon try after 60s
2015-10-21 17:20:21 TorrentController.cpp:90 INFO sleep 60s...

seconds until last commit :2701s...
this torrent want  16206000000
this time : 1041M
tokens : 31563M
2015-10-21 17:21:21 TorrentController.cpp:6 INFO Request string : https://hdbiger.org/announce.php?passkey=a67facee9cf7e0b7878ecb421ec3d7bc&info_hash=%09%BD%F7%CF8%D2%B0%01%15%FD%D6%00%92%0D%A6%CF%83%BB_%E5&peer_id=-UT2000-%1CD%E6%9B%E7%26%B02-%D5%CFz&port=11111&ipv6=i2001%3ada8%3a215%3a3f0%3a20c%3a29ff%3afee5%3a9276&uploaded=22085140224&downloaded=0&left=0&numwant=0&compact=1&no_peer_id=1
2015-10-21 17:21:22 TorrentController.cpp:8 INFO Curl response code: 0
2015-10-21 17:21:22 TorrentController.cpp:9 INFO Response string: d8:intervali2700e12:min intervali30e8:completei12e10:incompletei0e5:peerslee
~~~~~~~~~
2015-10-21 17:21:22 TorrentController.cpp:33 INFO last commit : 1445419282
~~~2700
~~~30
seconds until last commit :2701s...
this torrent want  16206000000
this time : 1130M
tokens : 30439M
2015-10-21 17:21:22 TorrentController.cpp:6 INFO Request string : https://hdbiger.org/announce.php?passkey=a67facee9cf7e0b7878ecb421ec3d7bc&info_hash=%DE%EE%F7%FB%90%8FT%0D%BFt%F4%BC%EC%5Eu%8D%E5%C88%10&peer_id=-UT2000-%1CD%E6%9B%E7%26%B02-%D5%CFz&port=11111&ipv6=i2001%3ada8%3a215%3a3f0%3a20c%3a29ff%3afee5%3a9276&uploaded=12359383808&downloaded=0&left=0&numwant=0&compact=1&no_peer_id=1
2015-10-21 17:21:24 TorrentController.cpp:8 INFO Curl response code: 0
2015-10-21 17:21:24 TorrentController.cpp:9 INFO Response string: d8:intervali2700e12:min intervali30e8:completei39e10:incompletei0e5:peerslee
~~~~~~~~~
2015-10-21 17:21:24 TorrentController.cpp:33 INFO last commit : 1445419284
2015-10-21 17:21:24 TorrentController.cpp:90 INFO sleep 60s...

~~~2700
~~~30
seconds until last commit :62s...
too soon try after 60s
seconds until last commit :60s...
too soon try after 60s
2015-10-21 17:22:24 TorrentController.cpp:90 INFO sleep 60s...

seconds until last commit :122s...
too soon try after 60s
seconds until last commit :120s...
too soon try after 60s
2015-10-21 17:23:24 TorrentController.cpp:90 INFO sleep 60s...

seconds until last commit :182s...
too soon try after 60s
seconds until last commit :180s...
too soon try after 60s
2015-10-21 17:24:24 TorrentController.cpp:90 INFO sleep 60s...

seconds until last commit :242s...
too soon try after 60s
seconds until last commit :240s...
too soon try after 60s
2015-10-21 17:25:24 TorrentController.cpp:90 INFO sleep 60s...

seconds until last commit :302s...
too soon try after 60s
seconds until last commit :300s...
too soon try after 60s
2015-10-21 17:26:24 TorrentController.cpp:90 INFO sleep 60s...

seconds until last commit :362s...
too soon try after 60s
seconds until last commit :360s...
too soon try after 60s
2015-10-21 17:27:24 TorrentController.cpp:90 INFO sleep 60s...

seconds until last commit :422s...
too soon try after 60s
seconds until last commit :420s...
too soon try after 60s
2015-10-21 17:28:24 TorrentController.cpp:90 INFO sleep 60s...

seconds until last commit :482s...
too soon try after 60s
seconds until last commit :480s...
too soon try after 60s
2015-10-21 17:29:24 TorrentController.cpp:90 INFO sleep 60s...

seconds until last commit :542s...
too soon try after 60s
seconds until last commit :540s...
too soon try after 60s
2015-10-21 17:30:24 TorrentController.cpp:90 INFO sleep 60s...

seconds until last commit :602s...
too soon try after 60s
seconds until last commit :600s...
too soon try after 60s
2015-10-21 17:31:24 TorrentController.cpp:90 INFO sleep 60s...

seconds until last commit :662s...
too soon try after 60s
seconds until last commit :660s...
too soon try after 60s
2015-10-21 17:32:24 TorrentController.cpp:90 INFO sleep 60s...

seconds until last commit :722s...
too soon try after 60s
seconds until last commit :720s...
too soon try after 60s
2015-10-21 17:33:24 TorrentController.cpp:90 INFO sleep 60s...

seconds until last commit :782s...
too soon try after 60s
seconds until last commit :780s...
too soon try after 60s
2015-10-21 17:34:24 TorrentController.cpp:90 INFO sleep 60s...

seconds until last commit :842s...
too soon try after 60s
seconds until last commit :840s...
too soon try after 60s
2015-10-21 17:35:24 TorrentController.cpp:90 INFO sleep 60s...

seconds until last commit :902s...
too soon try after 60s
seconds until last commit :900s...
too soon try after 60s
2015-10-21 17:36:24 TorrentController.cpp:90 INFO sleep 60s...

seconds until last commit :962s...
too soon try after 60s
seconds until last commit :960s...
too soon try after 60s
2015-10-21 17:37:24 TorrentController.cpp:90 INFO sleep 60s...

seconds until last commit :1022s...
too soon try after 60s
seconds until last commit :1020s...
too soon try after 60s
2015-10-21 17:38:24 TorrentController.cpp:90 INFO sleep 60s...

seconds until last commit :1082s...
too soon try after 60s
seconds until last commit :1080s...
too soon try after 60s
2015-10-21 17:39:24 TorrentController.cpp:90 INFO sleep 60s...

seconds until last commit :1142s...
too soon try after 60s
seconds until last commit :1140s...
too soon try after 60s
2015-10-21 17:40:24 TorrentController.cpp:90 INFO sleep 60s...

seconds until last commit :1202s...
too soon try after 60s
seconds until last commit :1200s...
too soon try after 60s
2015-10-21 17:41:24 TorrentController.cpp:90 INFO sleep 60s...

seconds until last commit :1262s...
too soon try after 60s
seconds until last commit :1260s...
too soon try after 60s
2015-10-21 17:42:24 TorrentController.cpp:90 INFO sleep 60s...

seconds until last commit :1322s...
too soon try after 60s
seconds until last commit :1320s...
too soon try after 60s
2015-10-21 17:43:24 TorrentController.cpp:90 INFO sleep 60s...

seconds until last commit :1382s...
too soon try after 60s
seconds until last commit :1380s...
too soon try after 60s
2015-10-21 17:44:24 TorrentController.cpp:90 INFO sleep 60s...

seconds until last commit :1442s...
too soon try after 60s
seconds until last commit :1440s...
too soon try after 60s
2015-10-21 17:45:24 TorrentController.cpp:90 INFO sleep 60s...

seconds until last commit :1502s...
too soon try after 60s
seconds until last commit :1500s...
too soon try after 60s
2015-10-21 17:46:24 TorrentController.cpp:90 INFO sleep 60s...

seconds until last commit :1562s...
too soon try after 60s
seconds until last commit :1560s...
too soon try after 60s
2015-10-21 17:47:24 TorrentController.cpp:90 INFO sleep 60s...

seconds until last commit :1622s...
too soon try after 60s
seconds until last commit :1620s...
too soon try after 60s
2015-10-21 17:48:24 TorrentController.cpp:90 INFO sleep 60s...

seconds until last commit :1682s...
too soon try after 60s
seconds until last commit :1680s...
too soon try after 60s
2015-10-21 17:49:24 TorrentController.cpp:90 INFO sleep 60s...

seconds until last commit :1742s...
too soon try after 60s
seconds until last commit :1740s...
too soon try after 60s
2015-10-21 17:50:24 TorrentController.cpp:90 INFO sleep 60s...

seconds until last commit :1802s...
too soon try after 60s
seconds until last commit :1800s...
too soon try after 60s
2015-10-21 17:51:24 TorrentController.cpp:90 INFO sleep 60s...

seconds until last commit :1862s...
too soon try after 60s
seconds until last commit :1860s...
too soon try after 60s
2015-10-21 17:52:24 TorrentController.cpp:90 INFO sleep 60s...

seconds until last commit :1922s...
too soon try after 60s
seconds until last commit :1920s...
too soon try after 60s
2015-10-21 17:53:24 TorrentController.cpp:90 INFO sleep 60s...

seconds until last commit :1982s...
too soon try after 60s
seconds until last commit :1980s...
too soon try after 60s
2015-10-21 17:54:24 TorrentController.cpp:90 INFO sleep 60s...

seconds until last commit :2042s...
too soon try after 60s
seconds until last commit :2040s...
too soon try after 60s
2015-10-21 17:55:24 TorrentController.cpp:90 INFO sleep 60s...

seconds until last commit :2102s...
too soon try after 60s
seconds until last commit :2100s...
too soon try after 60s
2015-10-21 17:56:24 TorrentController.cpp:90 INFO sleep 60s...

seconds until last commit :2162s...
too soon try after 60s
seconds until last commit :2160s...
too soon try after 60s
2015-10-21 17:57:24 TorrentController.cpp:90 INFO sleep 60s...

seconds until last commit :2222s...
too soon try after 60s
seconds until last commit :2220s...
too soon try after 60s
2015-10-21 17:58:24 TorrentController.cpp:90 INFO sleep 60s...

seconds until last commit :2282s...
too soon try after 60s
seconds until last commit :2280s...
too soon try after 60s
2015-10-21 17:59:24 TorrentController.cpp:90 INFO sleep 60s...

seconds until last commit :2342s...
too soon try after 60s
seconds until last commit :2340s...
too soon try after 60s
2015-10-21 18:00:24 TorrentController.cpp:90 INFO sleep 60s...

seconds until last commit :2402s...
too soon try after 60s
seconds until last commit :2400s...
too soon try after 60s
2015-10-21 18:01:24 TorrentController.cpp:90 INFO sleep 60s...

seconds until last commit :2462s...
too soon try after 60s
seconds until last commit :2460s...
too soon try after 60s
2015-10-21 18:02:24 TorrentController.cpp:90 INFO sleep 60s...

seconds until last commit :2522s...
too soon try after 60s
seconds until last commit :2520s...
too soon try after 60s
2015-10-21 18:03:24 TorrentController.cpp:90 INFO sleep 60s...

seconds until last commit :2582s...
too soon try after 60s
seconds until last commit :2580s...
too soon try after 60s
2015-10-21 18:04:24 TorrentController.cpp:90 INFO sleep 60s...

seconds until last commit :2642s...
too soon try after 60s
seconds until last commit :2640s...
too soon try after 60s
2015-10-21 18:05:24 TorrentController.cpp:90 INFO sleep 60s...

seconds until last commit :2702s...
this torrent want  16212000000
this time : 9295M
tokens : 37355M
2015-10-21 18:06:24 TorrentController.cpp:6 INFO Request string : https://hdbiger.org/announce.php?passkey=a67facee9cf7e0b7878ecb421ec3d7bc&info_hash=%09%BD%F7%CF8%D2%B0%01%15%FD%D6%00%92%0D%A6%CF%83%BB_%E5&peer_id=-UT2000-%1CD%E6%9B%E7%26%B02-%D5%CFz&port=11111&ipv6=i2001%3ada8%3a215%3a3f0%3a20c%3a29ff%3afee5%3a9276&uploaded=31381049024&downloaded=0&left=0&numwant=0&compact=1&no_peer_id=1
2015-10-21 18:06:25 TorrentController.cpp:8 INFO Curl response code: 0
2015-10-21 18:06:25 TorrentController.cpp:9 INFO Response string: d8:intervali2700e12:min intervali30e8:completei13e10:incompletei0e5:peerslee
~~~~~~~~~
2015-10-21 18:06:25 TorrentController.cpp:33 INFO last commit : 1445421985
~~~2700
~~~30
seconds until last commit :2701s...
this torrent want  16206000000
this time : 10166M
tokens : 27195M
2015-10-21 18:06:25 TorrentController.cpp:6 INFO Request string : https://hdbiger.org/announce.php?passkey=a67facee9cf7e0b7878ecb421ec3d7bc&info_hash=%DE%EE%F7%FB%90%8FT%0D%BFt%F4%BC%EC%5Eu%8D%E5%C88%10&peer_id=-UT2000-%1CD%E6%9B%E7%26%B02-%D5%CFz&port=11111&ipv6=i2001%3ada8%3a215%3a3f0%3a20c%3a29ff%3afee5%3a9276&uploaded=22525515584&downloaded=0&left=0&numwant=0&compact=1&no_peer_id=1
2015-10-21 18:06:26 TorrentController.cpp:8 INFO Curl response code: 0
2015-10-21 18:06:26 TorrentController.cpp:9 INFO Response string: d8:intervali2700e12:min intervali30e8:completei40e10:incompletei0e5:peerslee
~~~~~~~~~
2015-10-21 18:06:26 TorrentController.cpp:33 INFO last commit : 1445421986
2015-10-21 18:06:26 TorrentController.cpp:90 INFO sleep 60s...

~~~2700
~~~30
seconds until last commit :61s...
too soon try after 60s
seconds until last commit :60s...
too soon try after 60s
2015-10-21 18:07:26 TorrentController.cpp:90 INFO sleep 60s...

seconds until last commit :121s...
too soon try after 60s
seconds until last commit :120s...
too soon try after 60s
2015-10-21 18:08:26 TorrentController.cpp:90 INFO sleep 60s...

seconds until last commit :181s...
too soon try after 60s
seconds until last commit :180s...
too soon try after 60s
2015-10-21 18:09:26 TorrentController.cpp:90 INFO sleep 60s...

seconds until last commit :241s...
too soon try after 60s
seconds until last commit :240s...
too soon try after 60s
2015-10-21 18:10:26 TorrentController.cpp:90 INFO sleep 60s...

seconds until last commit :301s...
too soon try after 60s
seconds until last commit :300s...
too soon try after 60s
2015-10-21 18:11:26 TorrentController.cpp:90 INFO sleep 60s...

seconds until last commit :361s...
too soon try after 60s
seconds until last commit :360s...
too soon try after 60s
2015-10-21 18:12:26 TorrentController.cpp:90 INFO sleep 60s...

seconds until last commit :421s...
too soon try after 60s
seconds until last commit :420s...
too soon try after 60s
2015-10-21 18:13:26 TorrentController.cpp:90 INFO sleep 60s...

seconds until last commit :482s...
too soon try after 60s
seconds until last commit :481s...
too soon try after 60s
2015-10-21 18:14:27 TorrentController.cpp:90 INFO sleep 60s...

seconds until last commit :542s...
too soon try after 60s
seconds until last commit :541s...
too soon try after 60s
2015-10-21 18:15:27 TorrentController.cpp:90 INFO sleep 60s...

seconds until last commit :602s...
too soon try after 60s
seconds until last commit :601s...
too soon try after 60s
2015-10-21 18:16:27 TorrentController.cpp:90 INFO sleep 60s...

seconds until last commit :662s...
too soon try after 60s
seconds until last commit :661s...
too soon try after 60s
2015-10-21 18:17:27 TorrentController.cpp:90 INFO sleep 60s...

seconds until last commit :722s...
too soon try after 60s
seconds until last commit :721s...
too soon try after 60s
2015-10-21 18:18:27 TorrentController.cpp:90 INFO sleep 60s...

seconds until last commit :782s...
too soon try after 60s
seconds until last commit :781s...
too soon try after 60s
2015-10-21 18:19:27 TorrentController.cpp:90 INFO sleep 60s...

seconds until last commit :842s...
too soon try after 60s
seconds until last commit :841s...
too soon try after 60s
2015-10-21 18:20:27 TorrentController.cpp:90 INFO sleep 60s...

seconds until last commit :902s...
too soon try after 60s
seconds until last commit :901s...
too soon try after 60s
2015-10-21 18:21:27 TorrentController.cpp:90 INFO sleep 60s...

seconds until last commit :962s...
too soon try after 60s
seconds until last commit :961s...
too soon try after 60s
2015-10-21 18:22:27 TorrentController.cpp:90 INFO sleep 60s...

seconds until last commit :1022s...
too soon try after 60s
seconds until last commit :1021s...
too soon try after 60s
2015-10-21 18:23:27 TorrentController.cpp:90 INFO sleep 60s...

seconds until last commit :1082s...
too soon try after 60s
seconds until last commit :1081s...
too soon try after 60s
2015-10-21 18:24:27 TorrentController.cpp:90 INFO sleep 60s...

seconds until last commit :1142s...
too soon try after 60s
seconds until last commit :1141s...
too soon try after 60s
2015-10-21 18:25:27 TorrentController.cpp:90 INFO sleep 60s...

seconds until last commit :1202s...
too soon try after 60s
seconds until last commit :1201s...
too soon try after 60s
2015-10-21 18:26:27 TorrentController.cpp:90 INFO sleep 60s...

seconds until last commit :1262s...
too soon try after 60s
seconds until last commit :1261s...
too soon try after 60s
2015-10-21 18:27:27 TorrentController.cpp:90 INFO sleep 60s...

seconds until last commit :1322s...
too soon try after 60s
seconds until last commit :1321s...
too soon try after 60s
2015-10-21 18:28:27 TorrentController.cpp:90 INFO sleep 60s...

seconds until last commit :1382s...
too soon try after 60s
seconds until last commit :1381s...
too soon try after 60s
2015-10-21 18:29:27 TorrentController.cpp:90 INFO sleep 60s...

seconds until last commit :1442s...
too soon try after 60s
seconds until last commit :1441s...
too soon try after 60s
2015-10-21 18:30:27 TorrentController.cpp:90 INFO sleep 60s...

seconds until last commit :1502s...
too soon try after 60s
seconds until last commit :1501s...
too soon try after 60s
2015-10-21 18:31:27 TorrentController.cpp:90 INFO sleep 60s...

seconds until last commit :1562s...
too soon try after 60s
seconds until last commit :1561s...
too soon try after 60s
2015-10-21 18:32:27 TorrentController.cpp:90 INFO sleep 60s...

seconds until last commit :1622s...
too soon try after 60s
seconds until last commit :1621s...
too soon try after 60s
2015-10-21 18:33:27 TorrentController.cpp:90 INFO sleep 60s...

seconds until last commit :1682s...
too soon try after 60s
seconds until last commit :1681s...
too soon try after 60s
2015-10-21 18:34:27 TorrentController.cpp:90 INFO sleep 60s...

seconds until last commit :1742s...
too soon try after 60s
seconds until last commit :1741s...
too soon try after 60s
2015-10-21 18:35:27 TorrentController.cpp:90 INFO sleep 60s...

seconds until last commit :1802s...
too soon try after 60s
seconds until last commit :1801s...
too soon try after 60s
2015-10-21 18:36:27 TorrentController.cpp:90 INFO sleep 60s...

seconds until last commit :1862s...
too soon try after 60s
seconds until last commit :1861s...
too soon try after 60s
2015-10-21 18:37:27 TorrentController.cpp:90 INFO sleep 60s...

seconds until last commit :1922s...
too soon try after 60s
seconds until last commit :1921s...
too soon try after 60s
2015-10-21 18:38:27 TorrentController.cpp:90 INFO sleep 60s...

seconds until last commit :1982s...
too soon try after 60s
seconds until last commit :1981s...
too soon try after 60s
2015-10-21 18:39:27 TorrentController.cpp:90 INFO sleep 60s...

seconds until last commit :2042s...
too soon try after 60s
seconds until last commit :2041s...
too soon try after 60s
2015-10-21 18:40:27 TorrentController.cpp:90 INFO sleep 60s...

seconds until last commit :2102s...
too soon try after 60s
seconds until last commit :2101s...
too soon try after 60s
2015-10-21 18:41:27 TorrentController.cpp:90 INFO sleep 60s...

seconds until last commit :2162s...
too soon try after 60s
seconds until last commit :2161s...
too soon try after 60s
2015-10-21 18:42:27 TorrentController.cpp:90 INFO sleep 60s...

seconds until last commit :2222s...
too soon try after 60s
seconds until last commit :2221s...
too soon try after 60s
2015-10-21 18:43:27 TorrentController.cpp:90 INFO sleep 60s...

seconds until last commit :2282s...
too soon try after 60s
seconds until last commit :2281s...
too soon try after 60s
2015-10-21 18:44:27 TorrentController.cpp:90 INFO sleep 60s...

seconds until last commit :2342s...
too soon try after 60s
seconds until last commit :2341s...
too soon try after 60s
2015-10-21 18:45:27 TorrentController.cpp:90 INFO sleep 60s...

seconds until last commit :2402s...
too soon try after 60s
seconds until last commit :2401s...
too soon try after 60s
2015-10-21 18:46:27 TorrentController.cpp:90 INFO sleep 60s...

seconds until last commit :2462s...
too soon try after 60s
seconds until last commit :2461s...
too soon try after 60s
2015-10-21 18:47:27 TorrentController.cpp:90 INFO sleep 60s...

seconds until last commit :2522s...
too soon try after 60s
seconds until last commit :2521s...
too soon try after 60s
2015-10-21 18:48:27 TorrentController.cpp:90 INFO sleep 60s...

seconds until last commit :2582s...
too soon try after 60s
seconds until last commit :2581s...
too soon try after 60s
2015-10-21 18:49:27 TorrentController.cpp:90 INFO sleep 60s...

seconds until last commit :2642s...
too soon try after 60s
seconds until last commit :2641s...
too soon try after 60s
2015-10-21 18:50:27 TorrentController.cpp:90 INFO sleep 60s...

seconds until last commit :2702s...
this torrent want  16212000000
this time : 1215M
tokens : 42192M
2015-10-21 18:51:27 TorrentController.cpp:6 INFO Request string : https://hdbiger.org/announce.php?passkey=a67facee9cf7e0b7878ecb421ec3d7bc&info_hash=%09%BD%F7%CF8%D2%B0%01%15%FD%D6%00%92%0D%A6%CF%83%BB_%E5&peer_id=-UT2000-%1CD%E6%9B%E7%26%B02-%D5%CFz&port=11111&ipv6=i2001%3ada8%3a215%3a3f0%3a20c%3a29ff%3afee5%3a9276&uploaded=32596227264&downloaded=0&left=0&numwant=0&compact=1&no_peer_id=1
2015-10-21 18:51:28 TorrentController.cpp:8 INFO Curl response code: 0
2015-10-21 18:51:28 TorrentController.cpp:9 INFO Response string: d8:intervali2700e12:min intervali30e8:completei13e10:incompletei0e5:peerslee
~~~~~~~~~
2015-10-21 18:51:28 TorrentController.cpp:33 INFO last commit : 1445424688
~~~2700
~~~30
seconds until last commit :2702s...
this torrent want  16212000000
this time : 418M
tokens : 41779M
2015-10-21 18:51:28 TorrentController.cpp:6 INFO Request string : https://hdbiger.org/announce.php?passkey=a67facee9cf7e0b7878ecb421ec3d7bc&info_hash=%DE%EE%F7%FB%90%8FT%0D%BFt%F4%BC%EC%5Eu%8D%E5%C88%10&peer_id=-UT2000-%1CD%E6%9B%E7%26%B02-%D5%CFz&port=11111&ipv6=i2001%3ada8%3a215%3a3f0%3a20c%3a29ff%3afee5%3a9276&uploaded=22944172160&downloaded=0&left=0&numwant=0&compact=1&no_peer_id=1
2015-10-21 18:51:29 TorrentController.cpp:8 INFO Curl response code: 0
2015-10-21 18:51:29 TorrentController.cpp:9 INFO Response string: d8:intervali2700e12:min intervali30e8:completei42e10:incompletei0e5:peerslee
~~~~~~~~~
2015-10-21 18:51:29 TorrentController.cpp:33 INFO last commit : 1445424689
2015-10-21 18:51:29 TorrentController.cpp:90 INFO sleep 60s...

~~~2700
~~~30
seconds until last commit :61s...
too soon try after 60s
seconds until last commit :60s...
too soon try after 60s
2015-10-21 18:52:29 TorrentController.cpp:90 INFO sleep 60s...

seconds until last commit :121s...
too soon try after 60s
seconds until last commit :120s...
too soon try after 60s
2015-10-21 18:53:29 TorrentController.cpp:90 INFO sleep 60s...

seconds until last commit :181s...
too soon try after 60s
seconds until last commit :180s...
too soon try after 60s
2015-10-21 18:54:29 TorrentController.cpp:90 INFO sleep 60s...

seconds until last commit :241s...
too soon try after 60s
seconds until last commit :240s...
too soon try after 60s
2015-10-21 18:55:29 TorrentController.cpp:90 INFO sleep 60s...

seconds until last commit :301s...
too soon try after 60s
seconds until last commit :300s...
too soon try after 60s
2015-10-21 18:56:29 TorrentController.cpp:90 INFO sleep 60s...

seconds until last commit :361s...
too soon try after 60s
seconds until last commit :360s...
too soon try after 60s
2015-10-21 18:57:29 TorrentController.cpp:90 INFO sleep 60s...

seconds until last commit :421s...
too soon try after 60s
seconds until last commit :420s...
too soon try after 60s
2015-10-21 18:58:29 TorrentController.cpp:90 INFO sleep 60s...

seconds until last commit :481s...
too soon try after 60s
seconds until last commit :480s...
too soon try after 60s
2015-10-21 18:59:29 TorrentController.cpp:90 INFO sleep 60s...

seconds until last commit :541s...
too soon try after 60s
seconds until last commit :540s...
too soon try after 60s
2015-10-21 19:00:29 TorrentController.cpp:90 INFO sleep 60s...

seconds until last commit :601s...
too soon try after 60s
seconds until last commit :600s...
too soon try after 60s
2015-10-21 19:01:29 TorrentController.cpp:90 INFO sleep 60s...

seconds until last commit :661s...
too soon try after 60s
seconds until last commit :660s...
too soon try after 60s
2015-10-21 19:02:29 TorrentController.cpp:90 INFO sleep 60s...

seconds until last commit :721s...
too soon try after 60s
seconds until last commit :720s...
too soon try after 60s
2015-10-21 19:03:29 TorrentController.cpp:90 INFO sleep 60s...

seconds until last commit :781s...
too soon try after 60s
seconds until last commit :780s...
too soon try after 60s
2015-10-21 19:04:29 TorrentController.cpp:90 INFO sleep 60s...

seconds until last commit :841s...
too soon try after 60s
seconds until last commit :840s...
too soon try after 60s
2015-10-21 19:05:29 TorrentController.cpp:90 INFO sleep 60s...

seconds until last commit :901s...
too soon try after 60s
seconds until last commit :900s...
too soon try after 60s
2015-10-21 19:06:29 TorrentController.cpp:90 INFO sleep 60s...

seconds until last commit :961s...
too soon try after 60s
seconds until last commit :960s...
too soon try after 60s
2015-10-21 19:07:29 TorrentController.cpp:90 INFO sleep 60s...

seconds until last commit :1021s...
too soon try after 60s
seconds until last commit :1020s...
too soon try after 60s
2015-10-21 19:08:29 TorrentController.cpp:90 INFO sleep 60s...

seconds until last commit :1081s...
too soon try after 60s
seconds until last commit :1080s...
too soon try after 60s
2015-10-21 19:09:29 TorrentController.cpp:90 INFO sleep 60s...

seconds until last commit :1141s...
too soon try after 60s
seconds until last commit :1140s...
too soon try after 60s
2015-10-21 19:10:29 TorrentController.cpp:90 INFO sleep 60s...

seconds until last commit :1201s...
too soon try after 60s
seconds until last commit :1200s...
too soon try after 60s
2015-10-21 19:11:29 TorrentController.cpp:90 INFO sleep 60s...

seconds until last commit :1261s...
too soon try after 60s
seconds until last commit :1260s...
too soon try after 60s
2015-10-21 19:12:29 TorrentController.cpp:90 INFO sleep 60s...

seconds until last commit :1321s...
too soon try after 60s
seconds until last commit :1320s...
too soon try after 60s
2015-10-21 19:13:29 TorrentController.cpp:90 INFO sleep 60s...

seconds until last commit :1381s...
too soon try after 60s
seconds until last commit :1380s...
too soon try after 60s
2015-10-21 19:14:29 TorrentController.cpp:90 INFO sleep 60s...

seconds until last commit :1441s...
too soon try after 60s
seconds until last commit :1440s...
too soon try after 60s
2015-10-21 19:15:29 TorrentController.cpp:90 INFO sleep 60s...

seconds until last commit :1501s...
too soon try after 60s
seconds until last commit :1500s...
too soon try after 60s
2015-10-21 19:16:29 TorrentController.cpp:90 INFO sleep 60s...

seconds until last commit :1561s...
too soon try after 60s
seconds until last commit :1560s...
too soon try after 60s
2015-10-21 19:17:29 TorrentController.cpp:90 INFO sleep 60s...

seconds until last commit :1621s...
too soon try after 60s
seconds until last commit :1620s...
too soon try after 60s
2015-10-21 19:18:29 TorrentController.cpp:90 INFO sleep 60s...

seconds until last commit :1681s...
too soon try after 60s
seconds until last commit :1680s...
too soon try after 60s
2015-10-21 19:19:29 TorrentController.cpp:90 INFO sleep 60s...

seconds until last commit :1741s...
too soon try after 60s
seconds until last commit :1740s...
too soon try after 60s
2015-10-21 19:20:29 TorrentController.cpp:90 INFO sleep 60s...

seconds until last commit :1801s...
too soon try after 60s
seconds until last commit :1800s...
too soon try after 60s
2015-10-21 19:21:29 TorrentController.cpp:90 INFO sleep 60s...

seconds until last commit :1861s...
too soon try after 60s
seconds until last commit :1860s...
too soon try after 60s
2015-10-21 19:22:29 TorrentController.cpp:90 INFO sleep 60s...

seconds until last commit :1921s...
too soon try after 60s
seconds until last commit :1920s...
too soon try after 60s
2015-10-21 19:23:29 TorrentController.cpp:90 INFO sleep 60s...

seconds until last commit :1981s...
too soon try after 60s
seconds until last commit :1980s...
too soon try after 60s
2015-10-21 19:24:29 TorrentController.cpp:90 INFO sleep 60s...

seconds until last commit :2041s...
too soon try after 60s
seconds until last commit :2040s...
too soon try after 60s
2015-10-21 19:25:29 TorrentController.cpp:90 INFO sleep 60s...

seconds until last commit :2101s...
too soon try after 60s
seconds until last commit :2100s...
too soon try after 60s
2015-10-21 19:26:29 TorrentController.cpp:90 INFO sleep 60s...

seconds until last commit :2161s...
too soon try after 60s
seconds until last commit :2160s...
too soon try after 60s
2015-10-21 19:27:29 TorrentController.cpp:90 INFO sleep 60s...

seconds until last commit :2221s...
too soon try after 60s
seconds until last commit :2220s...
too soon try after 60s
2015-10-21 19:28:29 TorrentController.cpp:90 INFO sleep 60s...

seconds until last commit :2281s...
too soon try after 60s
seconds until last commit :2280s...
too soon try after 60s
2015-10-21 19:29:29 TorrentController.cpp:90 INFO sleep 60s...

seconds until last commit :2341s...
too soon try after 60s
seconds until last commit :2340s...
too soon try after 60s
2015-10-21 19:30:29 TorrentController.cpp:90 INFO sleep 60s...

seconds until last commit :2401s...
too soon try after 60s
seconds until last commit :2400s...
too soon try after 60s
2015-10-21 19:31:29 TorrentController.cpp:90 INFO sleep 60s...

seconds until last commit :2461s...
too soon try after 60s
seconds until last commit :2460s...
too soon try after 60s
2015-10-21 19:32:29 TorrentController.cpp:90 INFO sleep 60s...

seconds until last commit :2521s...
too soon try after 60s
seconds until last commit :2520s...
too soon try after 60s
2015-10-21 19:33:29 TorrentController.cpp:90 INFO sleep 60s...

seconds until last commit :2581s...
too soon try after 60s
seconds until last commit :2580s...
too soon try after 60s
2015-10-21 19:34:29 TorrentController.cpp:90 INFO sleep 60s...

seconds until last commit :2641s...
too soon try after 60s
seconds until last commit :2640s...
too soon try after 60s
2015-10-21 19:35:29 TorrentController.cpp:90 INFO sleep 60s...

seconds until last commit :2701s...
this torrent want  16206000000
this time : 10152M
tokens : 47833M
2015-10-21 19:36:29 TorrentController.cpp:6 INFO Request string : https://hdbiger.org/announce.php?passkey=a67facee9cf7e0b7878ecb421ec3d7bc&info_hash=%09%BD%F7%CF8%D2%B0%01%15%FD%D6%00%92%0D%A6%CF%83%BB_%E5&peer_id=-UT2000-%1CD%E6%9B%E7%26%B02-%D5%CFz&port=11111&ipv6=i2001%3ada8%3a215%3a3f0%3a20c%3a29ff%3afee5%3a9276&uploaded=42748304416&downloaded=0&left=0&numwant=0&compact=1&no_peer_id=1
2015-10-21 19:36:31 TorrentController.cpp:8 INFO Curl response code: 0
2015-10-21 19:36:31 TorrentController.cpp:9 INFO Response string: d8:intervali2700e12:min intervali30e8:completei14e10:incompletei0e5:peerslee
~~~~~~~~~
2015-10-21 19:36:31 TorrentController.cpp:33 INFO last commit : 1445427391
~~~2700
~~~30
seconds until last commit :2702s...
this torrent want  16212000000
this time : 885M
tokens : 46959M
2015-10-21 19:36:31 TorrentController.cpp:6 INFO Request string : https://hdbiger.org/announce.php?passkey=a67facee9cf7e0b7878ecb421ec3d7bc&info_hash=%DE%EE%F7%FB%90%8FT%0D%BFt%F4%BC%EC%5Eu%8D%E5%C88%10&peer_id=-UT2000-%1CD%E6%9B%E7%26%B02-%D5%CFz&port=11111&ipv6=i2001%3ada8%3a215%3a3f0%3a20c%3a29ff%3afee5%3a9276&uploaded=23829944928&downloaded=0&left=0&numwant=0&compact=1&no_peer_id=1
2015-10-21 19:36:33 TorrentController.cpp:8 INFO Curl response code: 0
2015-10-21 19:36:33 TorrentController.cpp:9 INFO Response string: d8:intervali2700e12:min intervali30e8:completei42e10:incompletei0e5:peerslee
~~~~~~~~~
2015-10-21 19:36:33 TorrentController.cpp:33 INFO last commit : 1445427393
2015-10-21 19:36:33 TorrentController.cpp:90 INFO sleep 60s...

~~~2700
~~~30
seconds until last commit :62s...
too soon try after 60s
seconds until last commit :60s...
too soon try after 60s
2015-10-21 19:37:33 TorrentController.cpp:90 INFO sleep 60s...

seconds until last commit :122s...
too soon try after 60s
seconds until last commit :120s...
too soon try after 60s
2015-10-21 19:38:33 TorrentController.cpp:90 INFO sleep 60s...

seconds until last commit :182s...
too soon try after 60s
seconds until last commit :180s...
too soon try after 60s
2015-10-21 19:39:33 TorrentController.cpp:90 INFO sleep 60s...

seconds until last commit :242s...
too soon try after 60s
seconds until last commit :240s...
too soon try after 60s
2015-10-21 19:40:33 TorrentController.cpp:90 INFO sleep 60s...

seconds until last commit :302s...
too soon try after 60s
seconds until last commit :300s...
too soon try after 60s
2015-10-21 19:41:33 TorrentController.cpp:90 INFO sleep 60s...

seconds until last commit :362s...
too soon try after 60s
seconds until last commit :360s...
too soon try after 60s
2015-10-21 19:42:33 TorrentController.cpp:90 INFO sleep 60s...

seconds until last commit :422s...
too soon try after 60s
seconds until last commit :420s...
too soon try after 60s
2015-10-21 19:43:33 TorrentController.cpp:90 INFO sleep 60s...

seconds until last commit :482s...
too soon try after 60s
seconds until last commit :480s...
too soon try after 60s
2015-10-21 19:44:33 TorrentController.cpp:90 INFO sleep 60s...

seconds until last commit :542s...
too soon try after 60s
seconds until last commit :540s...
too soon try after 60s
2015-10-21 19:45:33 TorrentController.cpp:90 INFO sleep 60s...

seconds until last commit :602s...
too soon try after 60s
seconds until last commit :600s...
too soon try after 60s
2015-10-21 19:46:33 TorrentController.cpp:90 INFO sleep 60s...

seconds until last commit :662s...
too soon try after 60s
seconds until last commit :660s...
too soon try after 60s
2015-10-21 19:47:33 TorrentController.cpp:90 INFO sleep 60s...

seconds until last commit :722s...
too soon try after 60s
seconds until last commit :720s...
too soon try after 60s
2015-10-21 19:48:33 TorrentController.cpp:90 INFO sleep 60s...

seconds until last commit :782s...
too soon try after 60s
seconds until last commit :780s...
too soon try after 60s
2015-10-21 19:49:33 TorrentController.cpp:90 INFO sleep 60s...

seconds until last commit :842s...
too soon try after 60s
seconds until last commit :840s...
too soon try after 60s
2015-10-21 19:50:33 TorrentController.cpp:90 INFO sleep 60s...

seconds until last commit :902s...
too soon try after 60s
seconds until last commit :900s...
too soon try after 60s
2015-10-21 19:51:33 TorrentController.cpp:90 INFO sleep 60s...

seconds until last commit :962s...
too soon try after 60s
seconds until last commit :960s...
too soon try after 60s
2015-10-21 19:52:33 TorrentController.cpp:90 INFO sleep 60s...

seconds until last commit :1022s...
too soon try after 60s
seconds until last commit :1020s...
too soon try after 60s
2015-10-21 19:53:33 TorrentController.cpp:90 INFO sleep 60s...

seconds until last commit :1082s...
too soon try after 60s
seconds until last commit :1080s...
too soon try after 60s
2015-10-21 19:54:33 TorrentController.cpp:90 INFO sleep 60s...

seconds until last commit :1142s...
too soon try after 60s
seconds until last commit :1140s...
too soon try after 60s
2015-10-21 19:55:33 TorrentController.cpp:90 INFO sleep 60s...

seconds until last commit :1202s...
too soon try after 60s
seconds until last commit :1200s...
too soon try after 60s
2015-10-21 19:56:33 TorrentController.cpp:90 INFO sleep 60s...

seconds until last commit :1262s...
too soon try after 60s
seconds until last commit :1260s...
too soon try after 60s
2015-10-21 19:57:33 TorrentController.cpp:90 INFO sleep 60s...

seconds until last commit :1322s...
too soon try after 60s
seconds until last commit :1320s...
too soon try after 60s
2015-10-21 19:58:33 TorrentController.cpp:90 INFO sleep 60s...

seconds until last commit :1382s...
too soon try after 60s
seconds until last commit :1380s...
too soon try after 60s
2015-10-21 19:59:33 TorrentController.cpp:90 INFO sleep 60s...

seconds until last commit :1442s...
too soon try after 60s
seconds until last commit :1440s...
too soon try after 60s
2015-10-21 20:00:33 TorrentController.cpp:90 INFO sleep 60s...

seconds until last commit :1502s...
too soon try after 60s
seconds until last commit :1500s...
too soon try after 60s
2015-10-21 20:01:33 TorrentController.cpp:90 INFO sleep 60s...

seconds until last commit :1562s...
too soon try after 60s
seconds until last commit :1560s...
too soon try after 60s
2015-10-21 20:02:33 TorrentController.cpp:90 INFO sleep 60s...

seconds until last commit :1622s...
too soon try after 60s
seconds until last commit :1620s...
too soon try after 60s
2015-10-21 20:03:33 TorrentController.cpp:90 INFO sleep 60s...

seconds until last commit :1682s...
too soon try after 60s
seconds until last commit :1680s...
too soon try after 60s
2015-10-21 20:04:33 TorrentController.cpp:90 INFO sleep 60s...

seconds until last commit :1742s...
too soon try after 60s
seconds until last commit :1740s...
too soon try after 60s
2015-10-21 20:05:33 TorrentController.cpp:90 INFO sleep 60s...

seconds until last commit :1802s...
too soon try after 60s
seconds until last commit :1800s...
too soon try after 60s
2015-10-21 20:06:33 TorrentController.cpp:90 INFO sleep 60s...

seconds until last commit :1862s...
too soon try after 60s
seconds until last commit :1860s...
too soon try after 60s
2015-10-21 20:07:33 TorrentController.cpp:90 INFO sleep 60s...

seconds until last commit :1922s...
too soon try after 60s
seconds until last commit :1920s...
too soon try after 60s
2015-10-21 20:08:33 TorrentController.cpp:90 INFO sleep 60s...

seconds until last commit :1982s...
too soon try after 60s
seconds until last commit :1980s...
too soon try after 60s
2015-10-21 20:09:33 TorrentController.cpp:90 INFO sleep 60s...

seconds until last commit :2042s...
too soon try after 60s
seconds until last commit :2040s...
too soon try after 60s
2015-10-21 20:10:33 TorrentController.cpp:90 INFO sleep 60s...

